/*C1*/SET SCHEMA PUBLIC
CONNECT USER SA
DISCONNECT
/*C2*/SET SCHEMA PUBLIC
CONNECT USER SA
DISCONNECT
/*C3*/SET SCHEMA PUBLIC
CONNECT USER SA
DISCONNECT
/*C4*/SET SCHEMA PUBLIC
CONNECT USER SA
DISCONNECT
/*C5*/SET SCHEMA PUBLIC
CONNECT USER SA
DELETE FROM MEMO WHERE MEMO_ID=3 AND USER_NAME='flex' AND USER_MEMO='adobe.com' AND MEMO_DATE='2006-09-20'
DELETE FROM MEMO WHERE MEMO_ID=3 AND USER_NAME='gosu' AND USER_MEMO='OkGosu.Net' AND MEMO_DATE='2006-09-20'
INSERT INTO MEMO VALUES(3,'flex2','adobe.com','2008-05-19')
INSERT INTO MEMO VALUES(3,'flex2','adobe.com','2008-05-19')
DISCONNECT
/*C6*/SET SCHEMA PUBLIC
CONNECT USER SA
DISCONNECT
